Analysis & Synthesis report for CPU-sd2
Mon Dec 09 17:58:46 2019
Quartus II Version 9.1 Build 350 03/24/2010 Service Pack 2 SJ Web Edition


---------------------
; Table of Contents ;
---------------------
  1. Legal Notice
  2. Analysis & Synthesis Summary
  3. Analysis & Synthesis Settings
  4. Parallel Compilation
  5. Analysis & Synthesis Source Files Read
  6. Analysis & Synthesis Resource Usage Summary
  7. Analysis & Synthesis Resource Utilization by Entity
  8. Registers Removed During Synthesis
  9. General Register Statistics
 10. Multiplexer Restructuring Statistics (Restructuring Performed)
 11. Parameter Settings for User Entity Instance: MEM:memoria
 12. Parameter Settings for User Entity Instance: Control:controle
 13. Parameter Settings for User Entity Instance: ULA:ula
 14. Parameter Settings for User Entity Instance: RegX:registradorX
 15. Parameter Settings for User Entity Instance: RegY:registradorY
 16. Parameter Settings for User Entity Instance: RegZ:registradorZ
 17. Port Connectivity Checks: "MEM:memoria"
 18. Analysis & Synthesis Messages



----------------
; Legal Notice ;
----------------
Copyright (C) 1991-2010 Altera Corporation
Your use of Altera Corporation's design tools, logic functions 
and other software and tools, and its AMPP partner logic 
functions, and any output files from any of the foregoing 
(including device programming or simulation files), and any 
associated documentation or information are expressly subject 
to the terms and conditions of the Altera Program License 
Subscription Agreement, Altera MegaCore Function License 
Agreement, or other applicable license agreement, including, 
without limitation, that your use is for the sole purpose of 
programming logic devices manufactured by Altera and sold by 
Altera or its authorized distributors.  Please refer to the 
applicable agreement for further details.



+------------------------------------------------------------------------------+
; Analysis & Synthesis Summary                                                 ;
+-------------------------------+----------------------------------------------+
; Analysis & Synthesis Status   ; Successful - Mon Dec 09 17:58:46 2019        ;
; Quartus II Version            ; 9.1 Build 350 03/24/2010 SP 2 SJ Web Edition ;
; Revision Name                 ; CPU-sd2                                      ;
; Top-level Entity Name         ; CPU                                          ;
; Family                        ; Stratix II                                   ;
; Logic utilization             ; N/A                                          ;
;     Combinational ALUTs       ; 30                                           ;
;     Dedicated logic registers ; 24                                           ;
; Total registers               ; 24                                           ;
; Total pins                    ; 49                                           ;
; Total virtual pins            ; 0                                            ;
; Total block memory bits       ; 0                                            ;
; DSP block 9-bit elements      ; 0                                            ;
; Total PLLs                    ; 0                                            ;
; Total DLLs                    ; 0                                            ;
+-------------------------------+----------------------------------------------+


+----------------------------------------------------------------------------------------------------------------------+
; Analysis & Synthesis Settings                                                                                        ;
+----------------------------------------------------------------------------+--------------------+--------------------+
; Option                                                                     ; Setting            ; Default Value      ;
+----------------------------------------------------------------------------+--------------------+--------------------+
; Top-level entity name                                                      ; CPU                ; CPU-sd2            ;
; Family name                                                                ; Stratix II         ; Stratix II         ;
; Use Generated Physical Constraints File                                    ; Off                ;                    ;
; Use smart compilation                                                      ; Off                ; Off                ;
; Enable parallel Assembler and TimeQuest Timing Analyzer during compilation ; On                 ; On                 ;
; Enable compact report table                                                ; Off                ; Off                ;
; Restructure Multiplexers                                                   ; Auto               ; Auto               ;
; Create Debugging Nodes for IP Cores                                        ; Off                ; Off                ;
; Preserve fewer node names                                                  ; On                 ; On                 ;
; Disable OpenCore Plus hardware evaluation                                  ; Off                ; Off                ;
; Verilog Version                                                            ; Verilog_2001       ; Verilog_2001       ;
; VHDL Version                                                               ; VHDL_1993          ; VHDL_1993          ;
; State Machine Processing                                                   ; Auto               ; Auto               ;
; Safe State Machine                                                         ; Off                ; Off                ;
; Extract Verilog State Machines                                             ; On                 ; On                 ;
; Extract VHDL State Machines                                                ; On                 ; On                 ;
; Ignore Verilog initial constructs                                          ; Off                ; Off                ;
; Iteration limit for constant Verilog loops                                 ; 5000               ; 5000               ;
; Iteration limit for non-constant Verilog loops                             ; 250                ; 250                ;
; Add Pass-Through Logic to Inferred RAMs                                    ; On                 ; On                 ;
; Parallel Synthesis                                                         ; On                 ; On                 ;
; DSP Block Balancing                                                        ; Auto               ; Auto               ;
; NOT Gate Push-Back                                                         ; On                 ; On                 ;
; Power-Up Don't Care                                                        ; On                 ; On                 ;
; Remove Redundant Logic Cells                                               ; Off                ; Off                ;
; Remove Duplicate Registers                                                 ; On                 ; On                 ;
; Ignore CARRY Buffers                                                       ; Off                ; Off                ;
; Ignore CASCADE Buffers                                                     ; Off                ; Off                ;
; Ignore GLOBAL Buffers                                                      ; Off                ; Off                ;
; Ignore ROW GLOBAL Buffers                                                  ; Off                ; Off                ;
; Ignore LCELL Buffers                                                       ; Off                ; Off                ;
; Ignore SOFT Buffers                                                        ; On                 ; On                 ;
; Limit AHDL Integers to 32 Bits                                             ; Off                ; Off                ;
; Optimization Technique                                                     ; Balanced           ; Balanced           ;
; Carry Chain Length                                                         ; 70                 ; 70                 ;
; Auto Carry Chains                                                          ; On                 ; On                 ;
; Auto Open-Drain Pins                                                       ; On                 ; On                 ;
; Perform WYSIWYG Primitive Resynthesis                                      ; Off                ; Off                ;
; Auto ROM Replacement                                                       ; On                 ; On                 ;
; Auto RAM Replacement                                                       ; On                 ; On                 ;
; Auto DSP Block Replacement                                                 ; On                 ; On                 ;
; Auto Shift Register Replacement                                            ; Auto               ; Auto               ;
; Auto Clock Enable Replacement                                              ; On                 ; On                 ;
; Strict RAM Replacement                                                     ; Off                ; Off                ;
; Allow Synchronous Control Signals                                          ; On                 ; On                 ;
; Force Use of Synchronous Clear Signals                                     ; Off                ; Off                ;
; Auto RAM Block Balancing                                                   ; On                 ; On                 ;
; Auto RAM to Logic Cell Conversion                                          ; Off                ; Off                ;
; Auto Resource Sharing                                                      ; Off                ; Off                ;
; Allow Any RAM Size For Recognition                                         ; Off                ; Off                ;
; Allow Any ROM Size For Recognition                                         ; Off                ; Off                ;
; Allow Any Shift Register Size For Recognition                              ; Off                ; Off                ;
; Use LogicLock Constraints during Resource Balancing                        ; On                 ; On                 ;
; Ignore translate_off and synthesis_off directives                          ; Off                ; Off                ;
; Timing-Driven Synthesis                                                    ; Off                ; Off                ;
; Show Parameter Settings Tables in Synthesis Report                         ; On                 ; On                 ;
; Ignore Maximum Fan-Out Assignments                                         ; Off                ; Off                ;
; Synchronization Register Chain Length                                      ; 2                  ; 2                  ;
; PowerPlay Power Optimization                                               ; Normal compilation ; Normal compilation ;
; HDL message level                                                          ; Level2             ; Level2             ;
; Suppress Register Optimization Related Messages                            ; Off                ; Off                ;
; Number of Removed Registers Reported in Synthesis Report                   ; 5000               ; 5000               ;
; Number of Inverted Registers Reported in Synthesis Report                  ; 100                ; 100                ;
; Clock MUX Protection                                                       ; On                 ; On                 ;
; Auto Gated Clock Conversion                                                ; Off                ; Off                ;
; Block Design Naming                                                        ; Auto               ; Auto               ;
; SDC constraint protection                                                  ; Off                ; Off                ;
; Synthesis Effort                                                           ; Auto               ; Auto               ;
; Shift Register Replacement - Allow Asynchronous Clear Signal               ; On                 ; On                 ;
; Analysis & Synthesis Message Level                                         ; Medium             ; Medium             ;
; Disable Register Merging Across Hierarchies                                ; Auto               ; Auto               ;
; Resource Aware Inference For Block RAM                                     ; On                 ; On                 ;
+----------------------------------------------------------------------------+--------------------+--------------------+


Parallel compilation was disabled, but you have multiple processors available. Enable parallel compilation to reduce compilation time.
+-------------------------------------+
; Parallel Compilation                ;
+----------------------------+--------+
; Processors                 ; Number ;
+----------------------------+--------+
; Number detected on machine ; 4      ;
; Maximum allowed            ; 1      ;
+----------------------------+--------+


+-------------------------------------------------------------------------------------------------------------------------------------------+
; Analysis & Synthesis Source Files Read                                                                                                    ;
+----------------------------------+-----------------+------------------------+-------------------------------------------------------------+
; File Name with User-Entered Path ; Used in Netlist ; File Type              ; File Name with Absolute Path                                ;
+----------------------------------+-----------------+------------------------+-------------------------------------------------------------+
; RegX.v                           ; yes             ; User Verilog HDL File  ; C:/Users/Artur/Desktop/Proj2SD/ProjetoSD2/CPU-sd2/RegX.v    ;
; CPU.v                            ; yes             ; User Verilog HDL File  ; C:/Users/Artur/Desktop/Proj2SD/ProjetoSD2/CPU-sd2/CPU.v     ;
; ULA.v                            ; yes             ; User Verilog HDL File  ; C:/Users/Artur/Desktop/Proj2SD/ProjetoSD2/CPU-sd2/ULA.v     ;
; MEM.v                            ; yes             ; User Verilog HDL File  ; C:/Users/Artur/Desktop/Proj2SD/ProjetoSD2/CPU-sd2/MEM.v     ;
; RegY.v                           ; yes             ; User Verilog HDL File  ; C:/Users/Artur/Desktop/Proj2SD/ProjetoSD2/CPU-sd2/RegY.v    ;
; RegZ.v                           ; yes             ; User Verilog HDL File  ; C:/Users/Artur/Desktop/Proj2SD/ProjetoSD2/CPU-sd2/RegZ.v    ;
; Control.v                        ; yes             ; User Verilog HDL File  ; C:/Users/Artur/Desktop/Proj2SD/ProjetoSD2/CPU-sd2/Control.v ;
+----------------------------------+-----------------+------------------------+-------------------------------------------------------------+


+-------------------------------------------------------+
; Analysis & Synthesis Resource Usage Summary           ;
+-----------------------------------------------+-------+
; Resource                                      ; Usage ;
+-----------------------------------------------+-------+
; Estimated ALUTs Used                          ; 30    ;
; Dedicated logic registers                     ; 24    ;
;                                               ;       ;
; Estimated ALUTs Unavailable                   ; 0     ;
;                                               ;       ;
; Total combinational functions                 ; 30    ;
; Combinational ALUT usage by number of inputs  ;       ;
;     -- 7 input functions                      ; 0     ;
;     -- 6 input functions                      ; 0     ;
;     -- 5 input functions                      ; 0     ;
;     -- 4 input functions                      ; 5     ;
;     -- <=3 input functions                    ; 25    ;
;                                               ;       ;
; Combinational ALUTs by mode                   ;       ;
;     -- normal mode                            ; 26    ;
;     -- extended LUT mode                      ; 0     ;
;     -- arithmetic mode                        ; 4     ;
;     -- shared arithmetic mode                 ; 0     ;
;                                               ;       ;
; Estimated ALUT/register pairs used            ; 30    ;
;                                               ;       ;
; Total registers                               ; 24    ;
;     -- Dedicated logic registers              ; 24    ;
;     -- I/O registers                          ; 0     ;
;                                               ;       ;
; Estimated ALMs:  partially or completely used ; 15    ;
;                                               ;       ;
; I/O pins                                      ; 49    ;
; Maximum fan-out node                          ; clock ;
; Maximum fan-out                               ; 24    ;
; Total fan-out                                 ; 166   ;
; Average fan-out                               ; 1.61  ;
+-----------------------------------------------+-------+


+--------------------------------------------------------------------------------------------------------------------------------------------------------------------------------------------------+
; Analysis & Synthesis Resource Utilization by Entity                                                                                                                                              ;
+----------------------------+-------------------+--------------+-------------------+--------------+---------+-----------+-----------+------+--------------+------------------------+--------------+
; Compilation Hierarchy Node ; LC Combinationals ; LC Registers ; Block Memory Bits ; DSP Elements ; DSP 9x9 ; DSP 18x18 ; DSP 36x36 ; Pins ; Virtual Pins ; Full Hierarchy Name    ; Library Name ;
+----------------------------+-------------------+--------------+-------------------+--------------+---------+-----------+-----------+------+--------------+------------------------+--------------+
; |CPU                       ; 30 (0)            ; 24 (0)       ; 0                 ; 0            ; 0       ; 0         ; 0         ; 49   ; 0            ; |CPU                   ; work         ;
;    |Control:controle|      ; 8 (8)             ; 7 (7)        ; 0                 ; 0            ; 0       ; 0         ; 0         ; 0    ; 0            ; |CPU|Control:controle  ; work         ;
;    |MEM:memoria|           ; 5 (5)             ; 5 (5)        ; 0                 ; 0            ; 0       ; 0         ; 0         ; 0    ; 0            ; |CPU|MEM:memoria       ;              ;
;    |RegX:registradorX|     ; 4 (4)             ; 4 (4)        ; 0                 ; 0            ; 0       ; 0         ; 0         ; 0    ; 0            ; |CPU|RegX:registradorX ; work         ;
;    |RegY:registradorY|     ; 5 (5)             ; 4 (4)        ; 0                 ; 0            ; 0       ; 0         ; 0         ; 0    ; 0            ; |CPU|RegY:registradorY ; work         ;
;    |RegZ:registradorZ|     ; 4 (4)             ; 4 (4)        ; 0                 ; 0            ; 0       ; 0         ; 0         ; 0    ; 0            ; |CPU|RegZ:registradorZ ; work         ;
;    |ULA:ula|               ; 4 (4)             ; 0 (0)        ; 0                 ; 0            ; 0       ; 0         ; 0         ; 0    ; 0            ; |CPU|ULA:ula           ; work         ;
+----------------------------+-------------------+--------------+-------------------+--------------+---------+-----------+-----------+------+--------------+------------------------+--------------+
Note: For table entries with two numbers listed, the numbers in parentheses indicate the number of resources of the given type used by the specific entity alone. The numbers listed outside of parentheses indicate the total resources of the given type used by the specific entity and all of its sub-entities in the hierarchy.


+---------------------------------------------------------------------------------+
; Registers Removed During Synthesis                                              ;
+----------------------------------------+----------------------------------------+
; Register name                          ; Reason for Removal                     ;
+----------------------------------------+----------------------------------------+
; Control:controle|tz[1..3]              ; Stuck at GND due to stuck port data_in ;
; Control:controle|ty[2..3]              ; Stuck at GND due to stuck port data_in ;
; Control:controle|tx[1..3]              ; Stuck at GND due to stuck port data_in ;
; Control:controle|current_state[3]      ; Stuck at GND due to stuck port data_in ;
; Control:controle|tula[0..3]            ; Stuck at GND due to stuck port data_in ;
; Total Number of Removed Registers = 13 ;                                        ;
+----------------------------------------+----------------------------------------+


+------------------------------------------------------+
; General Register Statistics                          ;
+----------------------------------------------+-------+
; Statistic                                    ; Value ;
+----------------------------------------------+-------+
; Total registers                              ; 24    ;
; Number of registers using Synchronous Clear  ; 0     ;
; Number of registers using Synchronous Load   ; 0     ;
; Number of registers using Asynchronous Clear ; 0     ;
; Number of registers using Asynchronous Load  ; 0     ;
; Number of registers using Clock Enable       ; 11    ;
; Number of registers using Preset             ; 0     ;
+----------------------------------------------+-------+


+----------------------------------------------------------------------------------------------------------------------------------------------------+
; Multiplexer Restructuring Statistics (Restructuring Performed)                                                                                     ;
+--------------------+-----------+---------------+----------------------+------------------------+------------+--------------------------------------+
; Multiplexer Inputs ; Bus Width ; Baseline Area ; Area if Restructured ; Saving if Restructured ; Registered ; Example Multiplexer Output           ;
+--------------------+-----------+---------------+----------------------+------------------------+------------+--------------------------------------+
; 4:1                ; 3 bits    ; 6 ALUTs       ; 6 ALUTs              ; 0 ALUTs                ; Yes        ; |CPU|RegY:registradorY|acumulador[0] ;
; 8:1                ; 3 bits    ; 15 ALUTs      ; 9 ALUTs              ; 6 ALUTs                ; Yes        ; |CPU|Control:controle|tx[0]          ;
+--------------------+-----------+---------------+----------------------+------------------------+------------+--------------------------------------+


+----------------------------------------------------------+
; Parameter Settings for User Entity Instance: MEM:memoria ;
+----------------+-------+---------------------------------+
; Parameter Name ; Value ; Type                            ;
+----------------+-------+---------------------------------+
; CLEAR          ; 0000  ; Unsigned Binary                 ;
; LOAD           ; 0001  ; Unsigned Binary                 ;
; HOLD           ; 0010  ; Unsigned Binary                 ;
+----------------+-------+---------------------------------+
Note: In order to hide this table in the UI and the text report file, please set the "Show Parameter Settings Tables in Synthesis Report" option in "Analysis and Synthesis Settings -> More Settings" to "Off".


+---------------------------------------------------------------+
; Parameter Settings for User Entity Instance: Control:controle ;
+----------------+-------+--------------------------------------+
; Parameter Name ; Value ; Type                                 ;
+----------------+-------+--------------------------------------+
; CLEAR          ; 0000  ; Unsigned Binary                      ;
; LOAD           ; 0001  ; Unsigned Binary                      ;
; HOLD           ; 0010  ; Unsigned Binary                      ;
; SHIFTR         ; 0011  ; Unsigned Binary                      ;
+----------------+-------+--------------------------------------+
Note: In order to hide this table in the UI and the text report file, please set the "Show Parameter Settings Tables in Synthesis Report" option in "Analysis and Synthesis Settings -> More Settings" to "Off".


+------------------------------------------------------+
; Parameter Settings for User Entity Instance: ULA:ula ;
+----------------+-------+-----------------------------+
; Parameter Name ; Value ; Type                        ;
+----------------+-------+-----------------------------+
; ADD            ; 0000  ; Unsigned Binary             ;
+----------------+-------+-----------------------------+
Note: In order to hide this table in the UI and the text report file, please set the "Show Parameter Settings Tables in Synthesis Report" option in "Analysis and Synthesis Settings -> More Settings" to "Off".


+----------------------------------------------------------------+
; Parameter Settings for User Entity Instance: RegX:registradorX ;
+----------------+-------+---------------------------------------+
; Parameter Name ; Value ; Type                                  ;
+----------------+-------+---------------------------------------+
; CLEAR          ; 0000  ; Unsigned Binary                       ;
; LOAD           ; 0001  ; Unsigned Binary                       ;
; HOLD           ; 0010  ; Unsigned Binary                       ;
+----------------+-------+---------------------------------------+
Note: In order to hide this table in the UI and the text report file, please set the "Show Parameter Settings Tables in Synthesis Report" option in "Analysis and Synthesis Settings -> More Settings" to "Off".


+----------------------------------------------------------------+
; Parameter Settings for User Entity Instance: RegY:registradorY ;
+----------------+-------+---------------------------------------+
; Parameter Name ; Value ; Type                                  ;
+----------------+-------+---------------------------------------+
; CLEAR          ; 0000  ; Unsigned Binary                       ;
; LOAD           ; 0001  ; Unsigned Binary                       ;
; HOLD           ; 0010  ; Unsigned Binary                       ;
; SHIFTR         ; 0011  ; Unsigned Binary                       ;
+----------------+-------+---------------------------------------+
Note: In order to hide this table in the UI and the text report file, please set the "Show Parameter Settings Tables in Synthesis Report" option in "Analysis and Synthesis Settings -> More Settings" to "Off".


+----------------------------------------------------------------+
; Parameter Settings for User Entity Instance: RegZ:registradorZ ;
+----------------+-------+---------------------------------------+
; Parameter Name ; Value ; Type                                  ;
+----------------+-------+---------------------------------------+
; CLEAR          ; 0000  ; Unsigned Binary                       ;
; LOAD           ; 0001  ; Unsigned Binary                       ;
; HOLD           ; 0010  ; Unsigned Binary                       ;
+----------------+-------+---------------------------------------+
Note: In order to hide this table in the UI and the text report file, please set the "Show Parameter Settings Tables in Synthesis Report" option in "Analysis and Synthesis Settings -> More Settings" to "Off".


+--------------------------------------------------------------------------------------------------------------------+
; Port Connectivity Checks: "MEM:memoria"                                                                            ;
+----------+--------+----------+-------------------------------------------------------------------------------------+
; Port     ; Type   ; Severity ; Details                                                                             ;
+----------+--------+----------+-------------------------------------------------------------------------------------+
; contador ; Output ; Info     ; Connected to dangling logic. Logic that only feeds a dangling port will be removed. ;
+----------+--------+----------+-------------------------------------------------------------------------------------+


+-------------------------------+
; Analysis & Synthesis Messages ;
+-------------------------------+
Info: *******************************************************************
Info: Running Quartus II Analysis & Synthesis
    Info: Version 9.1 Build 350 03/24/2010 Service Pack 2 SJ Web Edition
    Info: Processing started: Mon Dec 09 17:58:45 2019
Info: Command: quartus_map --read_settings_files=on --write_settings_files=off CPU-sd2 -c CPU-sd2
Info: Found 1 design units, including 1 entities, in source file regx.v
    Info: Found entity 1: RegX
Info: Found 1 design units, including 1 entities, in source file cpu.v
    Info: Found entity 1: CPU
Info: Found 1 design units, including 1 entities, in source file ula.v
    Info: Found entity 1: ULA
Info: Found 1 design units, including 1 entities, in source file mem.v
    Info: Found entity 1: MEM
Info: Found 1 design units, including 1 entities, in source file regy.v
    Info: Found entity 1: RegY
Info: Found 1 design units, including 1 entities, in source file regz.v
    Info: Found entity 1: RegZ
Info: Found 1 design units, including 1 entities, in source file control.v
    Info: Found entity 1: Control
Warning (10236): Verilog HDL Implicit Net warning at CPU.v(8): created implicit net for "contador"
Info: Elaborating entity "CPU" for the top level hierarchy
Info: Elaborating entity "MEM" for hierarchy "MEM:memoria"
Info: Elaborating entity "Control" for hierarchy "Control:controle"
Info: Elaborating entity "ULA" for hierarchy "ULA:ula"
Warning (10240): Verilog HDL Always Construct warning at ULA.v(9): inferring latch(es) for variable "ulaout", which holds its previous value in one or more paths through the always construct
Info (10041): Inferred latch for "ulaout[0]" at ULA.v(9)
Info (10041): Inferred latch for "ulaout[1]" at ULA.v(9)
Info (10041): Inferred latch for "ulaout[2]" at ULA.v(9)
Info (10041): Inferred latch for "ulaout[3]" at ULA.v(9)
Info: Elaborating entity "RegX" for hierarchy "RegX:registradorX"
Info: Elaborating entity "RegY" for hierarchy "RegY:registradorY"
Info: Elaborating entity "RegZ" for hierarchy "RegZ:registradorZ"
Warning: LATCH primitive "ULA:ula|ulaout[1]" is permanently enabled
Warning: LATCH primitive "ULA:ula|ulaout[2]" is permanently enabled
Warning: LATCH primitive "ULA:ula|ulaout[3]" is permanently enabled
Warning: LATCH primitive "ULA:ula|ulaout[0]" is permanently enabled
Warning: LATCH primitive "ULA:ula|ulaout[1]" is permanently enabled
Warning: LATCH primitive "ULA:ula|ulaout[2]" is permanently enabled
Warning: LATCH primitive "ULA:ula|ulaout[3]" is permanently enabled
Warning: LATCH primitive "ULA:ula|ulaout[0]" is permanently enabled
Warning: Output pins are stuck at VCC or GND
    Warning (13410): Pin "tx[1]" is stuck at GND
    Warning (13410): Pin "tx[2]" is stuck at GND
    Warning (13410): Pin "tx[3]" is stuck at GND
    Warning (13410): Pin "ty[2]" is stuck at GND
    Warning (13410): Pin "ty[3]" is stuck at GND
    Warning (13410): Pin "tz[1]" is stuck at GND
    Warning (13410): Pin "tz[2]" is stuck at GND
    Warning (13410): Pin "tz[3]" is stuck at GND
    Warning (13410): Pin "tula[0]" is stuck at GND
    Warning (13410): Pin "tula[1]" is stuck at GND
    Warning (13410): Pin "tula[2]" is stuck at GND
    Warning (13410): Pin "tula[3]" is stuck at GND
    Warning (13410): Pin "current_state[3]" is stuck at GND
Info: Implemented 79 device resources after synthesis - the final resource count might be different
    Info: Implemented 9 input pins
    Info: Implemented 40 output pins
    Info: Implemented 30 logic cells
Info: Quartus II Analysis & Synthesis was successful. 0 errors, 24 warnings
    Info: Peak virtual memory: 225 megabytes
    Info: Processing ended: Mon Dec 09 17:58:46 2019
    Info: Elapsed time: 00:00:01
    Info: Total CPU time (on all processors): 00:00:02


